2020-01-22 18:22:09,707 WARN com.yagna.logging.Module1App [main] Before Starting Spring boot App
2020-01-22 18:22:10,248 INFO org.springframework.boot.StartupInfoLogger [main] Starting Module1App v1.0-SNAPSHOT on yagna-Inspiron-15-7579 with PID 16056 (/home/anand/Desktop/AnandLearning/logging/module1/target/module1-1.0-SNAPSHOT.jar started by anand in /home/anand/Desktop/AnandLearning/logging)
2020-01-22 18:22:10,249 DEBUG org.springframework.boot.StartupInfoLogger [main] Running with Spring Boot v2.2.3.RELEASE, Spring v5.2.3.RELEASE
2020-01-22 18:22:10,250 INFO org.springframework.boot.SpringApplication [main] No active profile set, falling back to default profiles: default
2020-01-22 18:22:11,413 INFO org.springframework.boot.web.embedded.tomcat.TomcatWebServer [main] Tomcat initialized with port(s): 8080 (http)
2020-01-22 18:22:11,435 INFO org.apache.juli.logging.DirectJDKLog [main] Initializing ProtocolHandler ["http-nio-8080"]
2020-01-22 18:22:11,436 INFO org.apache.juli.logging.DirectJDKLog [main] Starting service [Tomcat]
2020-01-22 18:22:11,436 INFO org.apache.juli.logging.DirectJDKLog [main] Starting Servlet engine: [Apache Tomcat/9.0.30]
2020-01-22 18:22:11,508 INFO org.apache.juli.logging.DirectJDKLog [main] Initializing Spring embedded WebApplicationContext
2020-01-22 18:22:11,508 INFO org.springframework.boot.web.servlet.context.ServletWebServerApplicationContext [main] Root WebApplicationContext: initialization completed in 1186 ms
2020-01-22 18:22:11,697 INFO org.springframework.scheduling.concurrent.ExecutorConfigurationSupport [main] Initializing ExecutorService 'applicationTaskExecutor'
2020-01-22 18:22:11,856 INFO org.apache.juli.logging.DirectJDKLog [main] Starting ProtocolHandler ["http-nio-8080"]
2020-01-22 18:22:11,883 INFO org.springframework.boot.web.embedded.tomcat.TomcatWebServer [main] Tomcat started on port(s): 8080 (http) with context path ''
2020-01-22 18:22:11,886 INFO org.springframework.boot.StartupInfoLogger [main] Started Module1App in 2.04 seconds (JVM running for 2.568)
2020-01-22 18:22:11,887 WARN com.yagna.logging.Module1App [main] After Starting Spring boot App
2020-01-22 18:22:14,095 INFO org.springframework.scheduling.concurrent.ExecutorConfigurationSupport [SpringContextShutdownHook] Shutting down ExecutorService 'applicationTaskExecutor'
2020-01-22 18:29:09,408 WARN com.yagna.logging.Module1App [main] Before Starting Spring boot App
2020-01-22 18:29:10,019 INFO org.springframework.boot.StartupInfoLogger [main] Starting Module1App v1.0-SNAPSHOT on yagna-Inspiron-15-7579 with PID 16493 (/home/anand/Desktop/AnandLearning/logging/module1/target/module1-1.0-SNAPSHOT.jar started by anand in /home/anand/Desktop/AnandLearning/logging)
2020-01-22 18:29:10,020 DEBUG org.springframework.boot.StartupInfoLogger [main] Running with Spring Boot v2.2.3.RELEASE, Spring v5.2.3.RELEASE
2020-01-22 18:29:10,021 INFO org.springframework.boot.SpringApplication [main] No active profile set, falling back to default profiles: default
2020-01-22 18:29:11,203 INFO org.springframework.boot.web.embedded.tomcat.TomcatWebServer [main] Tomcat initialized with port(s): 8080 (http)
2020-01-22 18:29:11,218 INFO org.apache.juli.logging.DirectJDKLog [main] Initializing ProtocolHandler ["http-nio-8080"]
2020-01-22 18:29:11,219 INFO org.apache.juli.logging.DirectJDKLog [main] Starting service [Tomcat]
2020-01-22 18:29:11,220 INFO org.apache.juli.logging.DirectJDKLog [main] Starting Servlet engine: [Apache Tomcat/9.0.30]
2020-01-22 18:29:11,291 INFO org.apache.juli.logging.DirectJDKLog [main] Initializing Spring embedded WebApplicationContext
2020-01-22 18:29:11,292 INFO org.springframework.boot.web.servlet.context.ServletWebServerApplicationContext [main] Root WebApplicationContext: initialization completed in 1211 ms
2020-01-22 18:29:11,487 INFO org.springframework.scheduling.concurrent.ExecutorConfigurationSupport [main] Initializing ExecutorService 'applicationTaskExecutor'
2020-01-22 18:29:11,659 INFO org.apache.juli.logging.DirectJDKLog [main] Starting ProtocolHandler ["http-nio-8080"]
2020-01-22 18:29:11,699 INFO org.springframework.boot.web.embedded.tomcat.TomcatWebServer [main] Tomcat started on port(s): 8080 (http) with context path ''
2020-01-22 18:29:11,702 INFO org.springframework.boot.StartupInfoLogger [main] Started Module1App in 2.161 seconds (JVM running for 2.704)
2020-01-22 18:29:11,703 WARN com.yagna.logging.Module1App [main] After Starting Spring boot App
2020-01-22 18:29:28,454 INFO org.springframework.scheduling.concurrent.ExecutorConfigurationSupport [SpringContextShutdownHook] Shutting down ExecutorService 'applicationTaskExecutor'
2020-01-22 18:35:07,143 WARN com.yagna.logging.Module1App [main] Before Starting Spring boot App
2020-01-22 18:35:07,744 INFO org.springframework.boot.StartupInfoLogger [main] Starting Module1App v1.0-SNAPSHOT on yagna-Inspiron-15-7579 with PID 16682 (/home/anand/Desktop/AnandLearning/logging/module1/target/module1-1.0-SNAPSHOT.jar started by anand in /home/anand/Desktop/AnandLearning/logging)
2020-01-22 18:35:07,745 DEBUG org.springframework.boot.StartupInfoLogger [main] Running with Spring Boot v2.2.3.RELEASE, Spring v5.2.3.RELEASE
2020-01-22 18:35:07,745 INFO org.springframework.boot.SpringApplication [main] No active profile set, falling back to default profiles: default
2020-01-22 18:35:08,723 INFO org.springframework.boot.web.embedded.tomcat.TomcatWebServer [main] Tomcat initialized with port(s): 8080 (http)
2020-01-22 18:35:08,734 INFO org.apache.juli.logging.DirectJDKLog [main] Initializing ProtocolHandler ["http-nio-8080"]
2020-01-22 18:35:08,736 INFO org.apache.juli.logging.DirectJDKLog [main] Starting service [Tomcat]
2020-01-22 18:35:08,737 INFO org.apache.juli.logging.DirectJDKLog [main] Starting Servlet engine: [Apache Tomcat/9.0.30]
2020-01-22 18:35:08,797 INFO org.apache.juli.logging.DirectJDKLog [main] Initializing Spring embedded WebApplicationContext
2020-01-22 18:35:08,797 INFO org.springframework.boot.web.servlet.context.ServletWebServerApplicationContext [main] Root WebApplicationContext: initialization completed in 999 ms
2020-01-22 18:35:08,967 INFO org.springframework.scheduling.concurrent.ExecutorConfigurationSupport [main] Initializing ExecutorService 'applicationTaskExecutor'
2020-01-22 18:35:09,108 INFO org.apache.juli.logging.DirectJDKLog [main] Starting ProtocolHandler ["http-nio-8080"]
2020-01-22 18:35:09,144 INFO org.springframework.boot.web.embedded.tomcat.TomcatWebServer [main] Tomcat started on port(s): 8080 (http) with context path ''
2020-01-22 18:35:09,147 INFO org.springframework.boot.StartupInfoLogger [main] Started Module1App in 1.88 seconds (JVM running for 2.397)
2020-01-22 18:35:09,148 WARN com.yagna.logging.Module1App [main] After Starting Spring boot App
2020-01-22 18:58:07,840 WARN com.yagna.logging.Module1App [main] Before Starting Spring boot App
2020-01-22 18:58:08,459 INFO org.springframework.boot.StartupInfoLogger [main] Starting Module1App v1.0-SNAPSHOT on yagna-Inspiron-15-7579 with PID 18482 (/home/anand/Desktop/AnandLearning/logging/module1/target/module1-1.0-SNAPSHOT.jar started by anand in /home/anand/Desktop/AnandLearning/logging)
2020-01-22 18:58:08,460 DEBUG org.springframework.boot.StartupInfoLogger [main] Running with Spring Boot v2.2.3.RELEASE, Spring v5.2.3.RELEASE
2020-01-22 18:58:08,460 INFO org.springframework.boot.SpringApplication [main] No active profile set, falling back to default profiles: default
2020-01-22 18:58:09,762 INFO org.springframework.boot.web.embedded.tomcat.TomcatWebServer [main] Tomcat initialized with port(s): 8080 (http)
2020-01-22 18:58:09,776 INFO org.apache.juli.logging.DirectJDKLog [main] Initializing ProtocolHandler ["http-nio-8080"]
2020-01-22 18:58:09,777 INFO org.apache.juli.logging.DirectJDKLog [main] Starting service [Tomcat]
2020-01-22 18:58:09,777 INFO org.apache.juli.logging.DirectJDKLog [main] Starting Servlet engine: [Apache Tomcat/9.0.30]
2020-01-22 18:58:09,855 INFO org.apache.juli.logging.DirectJDKLog [main] Initializing Spring embedded WebApplicationContext
2020-01-22 18:58:09,856 INFO org.springframework.boot.web.servlet.context.ServletWebServerApplicationContext [main] Root WebApplicationContext: initialization completed in 1329 ms
2020-01-22 18:58:10,074 INFO org.springframework.scheduling.concurrent.ExecutorConfigurationSupport [main] Initializing ExecutorService 'applicationTaskExecutor'
2020-01-22 18:58:10,247 INFO org.apache.juli.logging.DirectJDKLog [main] Starting ProtocolHandler ["http-nio-8080"]
2020-01-22 18:58:10,255 INFO org.apache.juli.logging.DirectJDKLog [main] Pausing ProtocolHandler ["http-nio-8080"]
2020-01-22 18:58:10,255 INFO org.apache.juli.logging.DirectJDKLog [main] Stopping service [Tomcat]
2020-01-22 18:58:10,261 INFO org.apache.juli.logging.DirectJDKLog [main] Stopping ProtocolHandler ["http-nio-8080"]
2020-01-22 18:58:10,261 INFO org.apache.juli.logging.DirectJDKLog [main] Destroying ProtocolHandler ["http-nio-8080"]
2020-01-22 18:58:10,264 INFO org.springframework.boot.autoconfigure.logging.ConditionEvaluationReportLoggingListener [main] 

Error starting ApplicationContext. To display the conditions report re-run your application with 'debug' enabled.
2020-01-22 18:58:10,266 ERROR org.springframework.boot.diagnostics.LoggingFailureAnalysisReporter [main] 

***************************
APPLICATION FAILED TO START
***************************

Description:

Web server failed to start. Port 8080 was already in use.

Action:

Identify and stop the process that's listening on port 8080 or configure this application to listen on another port.

2020-01-22 18:58:10,274 INFO org.springframework.scheduling.concurrent.ExecutorConfigurationSupport [main] Shutting down ExecutorService 'applicationTaskExecutor'
2020-01-22 19:10:42,326 WARN com.yagna.logging.Module1App [main] Before Starting Spring boot App
2020-01-22 19:10:42,961 INFO org.springframework.boot.StartupInfoLogger [main] Starting Module1App v1.0-SNAPSHOT on yagna-Inspiron-15-7579 with PID 19308 (/home/anand/Desktop/AnandLearning/logging/module1/target/module1-1.0-SNAPSHOT.jar started by anand in /home/anand/Desktop/AnandLearning/logging)
2020-01-22 19:10:42,963 DEBUG org.springframework.boot.StartupInfoLogger [main] Running with Spring Boot v2.2.3.RELEASE, Spring v5.2.3.RELEASE
2020-01-22 19:10:42,964 INFO org.springframework.boot.SpringApplication [main] No active profile set, falling back to default profiles: default
2020-01-22 19:10:44,060 INFO org.springframework.boot.web.embedded.tomcat.TomcatWebServer [main] Tomcat initialized with port(s): 8080 (http)
2020-01-22 19:10:44,074 INFO org.apache.juli.logging.DirectJDKLog [main] Initializing ProtocolHandler ["http-nio-8080"]
2020-01-22 19:10:44,075 INFO org.apache.juli.logging.DirectJDKLog [main] Starting service [Tomcat]
2020-01-22 19:10:44,075 INFO org.apache.juli.logging.DirectJDKLog [main] Starting Servlet engine: [Apache Tomcat/9.0.30]
2020-01-22 19:10:44,139 INFO org.apache.juli.logging.DirectJDKLog [main] Initializing Spring embedded WebApplicationContext
2020-01-22 19:10:44,139 INFO org.springframework.boot.web.servlet.context.ServletWebServerApplicationContext [main] Root WebApplicationContext: initialization completed in 1123 ms
2020-01-22 19:10:44,318 INFO org.springframework.scheduling.concurrent.ExecutorConfigurationSupport [main] Initializing ExecutorService 'applicationTaskExecutor'
2020-01-22 19:10:44,477 INFO org.apache.juli.logging.DirectJDKLog [main] Starting ProtocolHandler ["http-nio-8080"]
2020-01-22 19:10:44,487 INFO org.apache.juli.logging.DirectJDKLog [main] Pausing ProtocolHandler ["http-nio-8080"]
2020-01-22 19:10:44,487 INFO org.apache.juli.logging.DirectJDKLog [main] Stopping service [Tomcat]
2020-01-22 19:10:44,492 INFO org.apache.juli.logging.DirectJDKLog [main] Stopping ProtocolHandler ["http-nio-8080"]
2020-01-22 19:10:44,493 INFO org.apache.juli.logging.DirectJDKLog [main] Destroying ProtocolHandler ["http-nio-8080"]
2020-01-22 19:10:44,497 INFO org.springframework.boot.autoconfigure.logging.ConditionEvaluationReportLoggingListener [main] 

Error starting ApplicationContext. To display the conditions report re-run your application with 'debug' enabled.
2020-01-22 19:10:44,499 ERROR org.springframework.boot.diagnostics.LoggingFailureAnalysisReporter [main] 

***************************
APPLICATION FAILED TO START
***************************

Description:

Web server failed to start. Port 8080 was already in use.

Action:

Identify and stop the process that's listening on port 8080 or configure this application to listen on another port.

2020-01-22 19:10:44,501 INFO org.springframework.scheduling.concurrent.ExecutorConfigurationSupport [main] Shutting down ExecutorService 'applicationTaskExecutor'
