2020-01-22 19:12:04,698 WARN com.yagna.logging.Module1App [main] Before Starting Spring boot App
2020-01-22 19:12:05,268 INFO org.springframework.boot.StartupInfoLogger [main] Starting Module1App v1.0-SNAPSHOT on yagna-Inspiron-15-7579 with PID 19414 (/home/anand/Desktop/AnandLearning/logging/module1/target/module1-1.0-SNAPSHOT.jar started by anand in /home/anand/Desktop/AnandLearning/logging)
2020-01-22 19:12:05,270 DEBUG org.springframework.boot.StartupInfoLogger [main] Running with Spring Boot v2.2.3.RELEASE, Spring v5.2.3.RELEASE
2020-01-22 19:12:05,271 INFO org.springframework.boot.SpringApplication [main] No active profile set, falling back to default profiles: default
2020-01-22 19:12:06,348 INFO org.springframework.boot.web.embedded.tomcat.TomcatWebServer [main] Tomcat initialized with port(s): 8080 (http)
2020-01-22 19:12:06,358 INFO org.apache.juli.logging.DirectJDKLog [main] Initializing ProtocolHandler ["http-nio-8080"]
2020-01-22 19:12:06,359 INFO org.apache.juli.logging.DirectJDKLog [main] Starting service [Tomcat]
2020-01-22 19:12:06,360 INFO org.apache.juli.logging.DirectJDKLog [main] Starting Servlet engine: [Apache Tomcat/9.0.30]
2020-01-22 19:12:06,423 INFO org.apache.juli.logging.DirectJDKLog [main] Initializing Spring embedded WebApplicationContext
2020-01-22 19:12:06,423 INFO org.springframework.boot.web.servlet.context.ServletWebServerApplicationContext [main] Root WebApplicationContext: initialization completed in 1063 ms
2020-01-22 19:12:06,594 INFO org.springframework.scheduling.concurrent.ExecutorConfigurationSupport [main] Initializing ExecutorService 'applicationTaskExecutor'
2020-01-22 19:12:06,745 INFO org.apache.juli.logging.DirectJDKLog [main] Starting ProtocolHandler ["http-nio-8080"]
2020-01-22 19:12:06,754 INFO org.apache.juli.logging.DirectJDKLog [main] Pausing ProtocolHandler ["http-nio-8080"]
2020-01-22 19:12:06,755 INFO org.apache.juli.logging.DirectJDKLog [main] Stopping service [Tomcat]
2020-01-22 19:12:06,760 INFO org.apache.juli.logging.DirectJDKLog [main] Stopping ProtocolHandler ["http-nio-8080"]
2020-01-22 19:12:06,761 INFO org.apache.juli.logging.DirectJDKLog [main] Destroying ProtocolHandler ["http-nio-8080"]
2020-01-22 19:12:06,763 INFO org.springframework.boot.autoconfigure.logging.ConditionEvaluationReportLoggingListener [main] 

Error starting ApplicationContext. To display the conditions report re-run your application with 'debug' enabled.
2020-01-22 19:12:06,767 ERROR org.springframework.boot.diagnostics.LoggingFailureAnalysisReporter [main] 

***************************
APPLICATION FAILED TO START
***************************

Description:

Web server failed to start. Port 8080 was already in use.

Action:

Identify and stop the process that's listening on port 8080 or configure this application to listen on another port.

2020-01-22 19:12:06,770 INFO org.springframework.scheduling.concurrent.ExecutorConfigurationSupport [main] Shutting down ExecutorService 'applicationTaskExecutor'
